
Showing logs for build [32mcb-kubecd-environment-pr-197-13-m26xm-1[0m stage [32mfrom-build-pack[0m and container [32mstep-credential-initializer-jsplj[0m
{"level":"warn","ts":1586303697.6328824,"logger":"fallback-logger","caller":"logging/config.go:69","msg":"Fetch GitHub commit ID from kodata failed: \"ref: refs/heads/0.8.0-**-support-backwards-incompats\" is not a valid GitHub commit ID"}
{"level":"info","ts":1586303697.6333778,"logger":"fallback-logger","caller":"creds-init/main.go:40","msg":"Credentials initialized."}

Showing logs for build [32mcb-kubecd-environment-pr-197-13-m26xm-1[0m stage [32mfrom-build-pack[0m and container [32mstep-working-dir-initializer-6p4fk[0m
{"level":"warn","ts":1586303698.784302,"logger":"fallback-logger","caller":"logging/config.go:69","msg":"Fetch GitHub commit ID from kodata failed: open /var/run/ko/HEAD: no such file or directory"}
{"level":"info","ts":1586303698.7863863,"logger":"fallback-logger","caller":"bash/main.go:64","msg":"Successfully executed command \"sh -c mkdir -p /workspace/source\"; output "}

Showing logs for build [32mcb-kubecd-environment-pr-197-13-m26xm-1[0m stage [32mfrom-build-pack[0m and container [32mstep-place-tools[0m

Showing logs for build [32mcb-kubecd-environment-pr-197-13-m26xm-1[0m stage [32mfrom-build-pack[0m and container [32mstep-git-source-cb-kubecd-environment-pr-197-13-m26xm-wqfgw[0m
{"level":"warn","ts":1586303704.042625,"logger":"fallback-logger","caller":"logging/config.go:69","msg":"Fetch GitHub commit ID from kodata failed: \"ref: refs/heads/0.8.0-**-support-backwards-incompats\" is not a valid GitHub commit ID"}
{"level":"info","ts":1586303705.1656153,"logger":"fallback-logger","caller":"git/git.go:103","msg":"Successfully cloned https://github.com/cb-kubecd/environment-pr-197-13-boot-gke-staging.git @ master in path /workspace/source"}

Showing logs for build [32mcb-kubecd-environment-pr-197-13-m26xm-1[0m stage [32mfrom-build-pack[0m and container [32mstep-git-merge[0m
Using SHAs from PULL_REFS=master:1fd21f07b4bd814094412335e23c81bc59ca195d,8:d485b8c5bb0e15bfa5804f6d6b480f69fbccc28e
DEBUG: LC_ALL=C JX_LOG_LEVEL=error git fetch origin --unshallow d485b8c5bb0e15bfa5804f6d6b480f69fbccc28e: 1fd21f07b4bd814094412335e23c81bc59ca195d:
DEBUG: ran git fetch --unshallow origin d485b8c5bb0e15bfa5804f6d6b480f69fbccc28e: 1fd21f07b4bd814094412335e23c81bc59ca195d: in 
DEBUG: LC_ALL=C JX_LOG_LEVEL=error git branch
DEBUG: LC_ALL=C JX_LOG_LEVEL=error git checkout master
DEBUG: ran git checkout master in 
DEBUG: LC_ALL=C JX_LOG_LEVEL=error git reset --hard 1fd21f07b4bd814094412335e23c81bc59ca195d
DEBUG: ran git reset --hard 1fd21f07b4bd814094412335e23c81bc59ca195d in 
DEBUG: LC_ALL=C JX_LOG_LEVEL=error git clean -fd .
DEBUG: ran clean --force -d . in 
DEBUG: LC_ALL=C JX_LOG_LEVEL=error git merge d485b8c5bb0e15bfa5804f6d6b480f69fbccc28e
DEBUG: ran git merge d485b8c5bb0e15bfa5804f6d6b480f69fbccc28e in 
DEBUG: LC_ALL=C JX_LOG_LEVEL=error git log --format=%H%x1f%an%x1f%ae%x1f%cn%x1f%ce%x1f%s%n%b%x1e 1fd21f07b4bd814094412335e23c81bc59ca195d..HEAD
Merged SHA d485b8c5bb0e15bfa5804f6d6b480f69fbccc28e with commit message 'chore: Promote bdd-ghf**y-import-1586301766 to version 0.0.1' into base branch master

Showing logs for build [32mcb-kubecd-environment-pr-197-13-m26xm-1[0m stage [32mfrom-build-pack[0m and container [32mstep-build-helm-build[0m
WARNING: No $CHART_REPOSITORY defined so using the default value of: http://jenkins-x-chartmuseum:8080
Adding missing Helm repo: storage.googleapis.com https://storage.googleapis.com/chartmuseum.jenkins-x.io
WARNING: No secrets found on "helm/repos" due: reading the secret "helm/repos" from vault: no secret "helm/repos" not found in vault
Read credentials for https://storage.googleapis.com/chartmuseum.jenkins-x.io from vault helm/repos
Successfully added Helm repository storage.googleapis.com.
Adding missing Helm repo: jenkins-x-chartmuseum http://jenkins-x-chartmuseum:8080
WARNING: No secrets found on "helm/repos" due: reading the secret "helm/repos" from vault: no secret "helm/repos" not found in vault
Read credentials for http://jenkins-x-chartmuseum:8080 from vault helm/repos
Successfully added Helm repository jenkins-x-chartmuseum.
WARNING: No $CHART_REPOSITORY defined so using the default value of: http://jenkins-x-chartmuseum:8080
Adding missing Helm repo: chartmuseum.jenkins-x.io http://chartmuseum.jenkins-x.io
WARNING: No secrets found on "helm/repos" due: reading the secret "helm/repos" from vault: no secret "helm/repos" not found in vault
Read credentials for http://chartmuseum.jenkins-x.io from vault helm/repos
Successfully added Helm repository chartmuseum.jenkins-x.io.
