
Showing logs for build [32mcb-kubecd-environment-pr-197-13-q4r2f-1[0m stage [32mfrom-build-pack[0m and container [32mstep-credential-initializer-hshzp[0m
{"level":"warn","ts":1586302657.7314703,"logger":"fallback-logger","caller":"logging/config.go:69","msg":"Fetch GitHub commit ID from kodata failed: \"ref: refs/heads/0.8.0-**-support-backwards-incompats\" is not a valid GitHub commit ID"}
{"level":"info","ts":1586302657.732404,"logger":"fallback-logger","caller":"creds-init/main.go:40","msg":"Credentials initialized."}

Showing logs for build [32mcb-kubecd-environment-pr-197-13-q4r2f-1[0m stage [32mfrom-build-pack[0m and container [32mstep-working-dir-initializer-ttqrv[0m
{"level":"warn","ts":1586302659.148649,"logger":"fallback-logger","caller":"logging/config.go:69","msg":"Fetch GitHub commit ID from kodata failed: open /var/run/ko/HEAD: no such file or directory"}
{"level":"info","ts":1586302659.1525106,"logger":"fallback-logger","caller":"bash/main.go:64","msg":"Successfully executed command \"sh -c mkdir -p /workspace/source\"; output "}

Showing logs for build [32mcb-kubecd-environment-pr-197-13-q4r2f-1[0m stage [32mfrom-build-pack[0m and container [32mstep-place-tools[0m

Showing logs for build [32mcb-kubecd-environment-pr-197-13-q4r2f-1[0m stage [32mfrom-build-pack[0m and container [32mstep-git-source-cb-kubecd-environment-pr-197-13-q4r2f-8pgnd[0m
{"level":"warn","ts":1586302664.295028,"logger":"fallback-logger","caller":"logging/config.go:69","msg":"Fetch GitHub commit ID from kodata failed: \"ref: refs/heads/0.8.0-**-support-backwards-incompats\" is not a valid GitHub commit ID"}
{"level":"info","ts":1586302665.3341224,"logger":"fallback-logger","caller":"git/git.go:103","msg":"Successfully cloned https://github.com/cb-kubecd/environment-pr-197-13-boot-gke-staging.git @ master in path /workspace/source"}

Showing logs for build [32mcb-kubecd-environment-pr-197-13-q4r2f-1[0m stage [32mfrom-build-pack[0m and container [32mstep-git-merge[0m
Using SHAs from PULL_REFS=master:14cd839ee7e2093fa99b4520f82544fd19de2bd8,6:0b2dc27058537730dac49ec5bac671b8f8789436
DEBUG: JX_LOG_LEVEL=error LC_ALL=C git fetch origin --unshallow 0b2dc27058537730dac49ec5bac671b8f8789436: 14cd839ee7e2093fa99b4520f82544fd19de2bd8:
DEBUG: ran git fetch --unshallow origin 0b2dc27058537730dac49ec5bac671b8f8789436: 14cd839ee7e2093fa99b4520f82544fd19de2bd8: in 
DEBUG: LC_ALL=C JX_LOG_LEVEL=error git branch
DEBUG: LC_ALL=C JX_LOG_LEVEL=error git checkout master
DEBUG: ran git checkout master in 
DEBUG: JX_LOG_LEVEL=error LC_ALL=C git reset --hard 14cd839ee7e2093fa99b4520f82544fd19de2bd8
DEBUG: ran git reset --hard 14cd839ee7e2093fa99b4520f82544fd19de2bd8 in 
DEBUG: LC_ALL=C JX_LOG_LEVEL=error git clean -fd .
DEBUG: ran clean --force -d . in 
DEBUG: LC_ALL=C JX_LOG_LEVEL=error git merge 0b2dc27058537730dac49ec5bac671b8f8789436
DEBUG: ran git merge 0b2dc27058537730dac49ec5bac671b8f8789436 in 
DEBUG: LC_ALL=C JX_LOG_LEVEL=error git log --format=%H%x1f%an%x1f%ae%x1f%cn%x1f%ce%x1f%s%n%b%x1e 14cd839ee7e2093fa99b4520f82544fd19de2bd8..HEAD
Merged SHA 0b2dc27058537730dac49ec5bac671b8f8789436 with commit message 'chore: Promote bdd-sbrp-import-1586301766 to version 0.0.1' into base branch master

Showing logs for build [32mcb-kubecd-environment-pr-197-13-q4r2f-1[0m stage [32mfrom-build-pack[0m and container [32mstep-build-helm-build[0m
WARNING: No $CHART_REPOSITORY defined so using the default value of: http://jenkins-x-chartmuseum:8080
Adding missing Helm repo: storage.googleapis.com https://storage.googleapis.com/chartmuseum.jenkins-x.io
WARNING: No secrets found on "helm/repos" due: reading the secret "helm/repos" from vault: no secret "helm/repos" not found in vault
Read credentials for https://storage.googleapis.com/chartmuseum.jenkins-x.io from vault helm/repos
Successfully added Helm repository storage.googleapis.com.
Adding missing Helm repo: jenkins-x-chartmuseum http://jenkins-x-chartmuseum:8080
WARNING: No secrets found on "helm/repos" due: reading the secret "helm/repos" from vault: no secret "helm/repos" not found in vault
Read credentials for http://jenkins-x-chartmuseum:8080 from vault helm/repos
Successfully added Helm repository jenkins-x-chartmuseum.
WARNING: No $CHART_REPOSITORY defined so using the default value of: http://jenkins-x-chartmuseum:8080
Adding missing Helm repo: chartmuseum.jenkins-x.io http://chartmuseum.jenkins-x.io
WARNING: No secrets found on "helm/repos" due: reading the secret "helm/repos" from vault: no secret "helm/repos" not found in vault
Read credentials for http://chartmuseum.jenkins-x.io from vault helm/repos
Successfully added Helm repository chartmuseum.jenkins-x.io.
