
Showing logs for build [32mcb-kubecd-environment-pr-197-13-l2vkm-1[0m stage [32mfrom-build-pack[0m and container [32mstep-credential-initializer-hhv8l[0m
{"level":"warn","ts":1586303113.599705,"logger":"fallback-logger","caller":"logging/config.go:69","msg":"Fetch GitHub commit ID from kodata failed: \"ref: refs/heads/0.8.0-**-support-backwards-incompats\" is not a valid GitHub commit ID"}
{"level":"info","ts":1586303113.6008341,"logger":"fallback-logger","caller":"creds-init/main.go:40","msg":"Credentials initialized."}

Showing logs for build [32mcb-kubecd-environment-pr-197-13-l2vkm-1[0m stage [32mfrom-build-pack[0m and container [32mstep-working-dir-initializer-wknjd[0m
{"level":"warn","ts":1586303114.750092,"logger":"fallback-logger","caller":"logging/config.go:69","msg":"Fetch GitHub commit ID from kodata failed: open /var/run/ko/HEAD: no such file or directory"}
{"level":"info","ts":1586303114.7517657,"logger":"fallback-logger","caller":"bash/main.go:64","msg":"Successfully executed command \"sh -c mkdir -p /workspace/source\"; output "}

Showing logs for build [32mcb-kubecd-environment-pr-197-13-l2vkm-1[0m stage [32mfrom-build-pack[0m and container [32mstep-place-tools[0m

Showing logs for build [32mcb-kubecd-environment-pr-197-13-l2vkm-1[0m stage [32mfrom-build-pack[0m and container [32mstep-git-source-cb-kubecd-environment-pr-197-13-l2vkm-zk2kz[0m
{"level":"warn","ts":1586303120.1903155,"logger":"fallback-logger","caller":"logging/config.go:69","msg":"Fetch GitHub commit ID from kodata failed: \"ref: refs/heads/0.8.0-**-support-backwards-incompats\" is not a valid GitHub commit ID"}
{"level":"info","ts":1586303121.251502,"logger":"fallback-logger","caller":"git/git.go:103","msg":"Successfully cloned https://github.com/cb-kubecd/environment-pr-197-13-boot-gke-staging.git @ master in path /workspace/source"}

Showing logs for build [32mcb-kubecd-environment-pr-197-13-l2vkm-1[0m stage [32mfrom-build-pack[0m and container [32mstep-git-merge[0m
Using SHAs from PULL_REFS=master:454573b0e67a688223803657ce3eed9fd6c8a453,7:ff1e3b3a9794a9da8383e80ec65fc278270294fe
DEBUG: JX_LOG_LEVEL=error LC_ALL=C git fetch origin --unshallow ff1e3b3a9794a9da8383e80ec65fc278270294fe: 454573b0e67a688223803657ce3eed9fd6c8a453:
DEBUG: ran git fetch --unshallow origin ff1e3b3a9794a9da8383e80ec65fc278270294fe: 454573b0e67a688223803657ce3eed9fd6c8a453: in 
DEBUG: LC_ALL=C JX_LOG_LEVEL=error git branch
DEBUG: JX_LOG_LEVEL=error LC_ALL=C git checkout master
DEBUG: ran git checkout master in 
DEBUG: LC_ALL=C JX_LOG_LEVEL=error git reset --hard 454573b0e67a688223803657ce3eed9fd6c8a453
DEBUG: ran git reset --hard 454573b0e67a688223803657ce3eed9fd6c8a453 in 
DEBUG: LC_ALL=C JX_LOG_LEVEL=error git clean -fd .
DEBUG: ran clean --force -d . in 
DEBUG: LC_ALL=C JX_LOG_LEVEL=error git merge ff1e3b3a9794a9da8383e80ec65fc278270294fe
DEBUG: ran git merge ff1e3b3a9794a9da8383e80ec65fc278270294fe in 
DEBUG: LC_ALL=C JX_LOG_LEVEL=error git log --format=%H%x1f%an%x1f%ae%x1f%cn%x1f%ce%x1f%s%n%b%x1e 454573b0e67a688223803657ce3eed9fd6c8a453..HEAD
Merged SHA ff1e3b3a9794a9da8383e80ec65fc278270294fe with commit message 'chore: Promote bdd-nh-import-1586301766 to version 0.0.1' into base branch master

Showing logs for build [32mcb-kubecd-environment-pr-197-13-l2vkm-1[0m stage [32mfrom-build-pack[0m and container [32mstep-build-helm-build[0m
WARNING: No $CHART_REPOSITORY defined so using the default value of: http://jenkins-x-chartmuseum:8080
Adding missing Helm repo: storage.googleapis.com https://storage.googleapis.com/chartmuseum.jenkins-x.io
WARNING: No secrets found on "helm/repos" due: reading the secret "helm/repos" from vault: no secret "helm/repos" not found in vault
Read credentials for https://storage.googleapis.com/chartmuseum.jenkins-x.io from vault helm/repos
Successfully added Helm repository storage.googleapis.com.
Adding missing Helm repo: jenkins-x-chartmuseum http://jenkins-x-chartmuseum:8080
WARNING: No secrets found on "helm/repos" due: reading the secret "helm/repos" from vault: no secret "helm/repos" not found in vault
Read credentials for http://jenkins-x-chartmuseum:8080 from vault helm/repos
Successfully added Helm repository jenkins-x-chartmuseum.
WARNING: No $CHART_REPOSITORY defined so using the default value of: http://jenkins-x-chartmuseum:8080
Adding missing Helm repo: chartmuseum.jenkins-x.io http://chartmuseum.jenkins-x.io
WARNING: No secrets found on "helm/repos" due: reading the secret "helm/repos" from vault: no secret "helm/repos" not found in vault
Read credentials for http://chartmuseum.jenkins-x.io from vault helm/repos
Successfully added Helm repository chartmuseum.jenkins-x.io.
